Command line:
   sr_tb_isim_beh.exe
     -simmode  gui
     -simrunnum  0
     -socket  61783

Thu Nov 12 14:19:04 2015


 Elaboration Time: 0.202802 sec

 Current Memory Usage: 658.858 Meg

 Total Signals          : 11
 Total Nets             : 39
 Total Signal Drivers   : 6
 Total Blocks           : 3
 Total Primitive Blocks : 2
 Total Processes        : 4
 Total Traceable Variables  : 9
 Total Scalar Nets and Variables : 400
Total Line Count : 37

 Total Simulation Time: 0.249602 sec

 Current Memory Usage: 659.907 Meg

Thu Nov 12 14:19:25 2015

