Release 14.7 - xst P.20131013 (nt64)
Copyright (c) 1995-2013 Xilinx, Inc.  All rights reserved.
--> Parameter TMPDIR set to xst/projnav.tmp


Total REAL time to Xst completion: 0.00 secs
Total CPU time to Xst completion: 0.50 secs
 
--> Parameter xsthdpdir set to xst


Total REAL time to Xst completion: 0.00 secs
Total CPU time to Xst completion: 0.50 secs
 
--> Reading design: IDE_control_unit.prj

TABLE OF CONTENTS
  1) Synthesis Options Summary
  2) HDL Compilation
  3) Design Hierarchy Analysis
  4) HDL Analysis
  5) HDL Synthesis
     5.1) HDL Synthesis Report
  6) Advanced HDL Synthesis
     6.1) Advanced HDL Synthesis Report
  7) Low Level Synthesis
  8) Partition Report
  9) Final Report
	9.1) Device utilization summary
	9.2) Partition Resource Summary
	9.3) TIMING REPORT


=========================================================================
*                      Synthesis Options Summary                        *
=========================================================================
---- Source Parameters
Input File Name                    : "IDE_control_unit.prj"
Input Format                       : mixed
Ignore Synthesis Constraint File   : NO

---- Target Parameters
Output File Name                   : "IDE_control_unit"
Output Format                      : NGC
Target Device                      : xc3s250e-5-vq100

---- Source Options
Top Module Name                    : IDE_control_unit
Automatic FSM Extraction           : YES
FSM Encoding Algorithm             : Auto
Safe Implementation                : No
FSM Style                          : LUT
RAM Extraction                     : Yes
RAM Style                          : Auto
ROM Extraction                     : Yes
Mux Style                          : Auto
Decoder Extraction                 : YES
Priority Encoder Extraction        : Yes
Shift Register Extraction          : YES
Logical Shifter Extraction         : YES
XOR Collapsing                     : YES
ROM Style                          : Auto
Mux Extraction                     : Yes
Resource Sharing                   : YES
Asynchronous To Synchronous        : NO
Multiplier Style                   : Auto
Automatic Register Balancing       : No

---- Target Options
Add IO Buffers                     : YES
Global Maximum Fanout              : 100000
Add Generic Clock Buffer(BUFG)     : 24
Register Duplication               : YES
Slice Packing                      : YES
Optimize Instantiated Primitives   : NO
Use Clock Enable                   : Yes
Use Synchronous Set                : Yes
Use Synchronous Reset              : Yes
Pack IO Registers into IOBs        : Auto
Equivalent register Removal        : YES

---- General Options
Optimization Goal                  : Speed
Optimization Effort                : 1
Keep Hierarchy                     : No
Netlist Hierarchy                  : As_Optimized
RTL Output                         : Yes
Global Optimization                : AllClockNets
Read Cores                         : YES
Write Timing Constraints           : NO
Cross Clock Analysis               : NO
Hierarchy Separator                : /
Bus Delimiter                      : <>
Case Specifier                     : Maintain
Slice Utilization Ratio            : 100
BRAM Utilization Ratio             : 100
Verilog 2001                       : YES
Auto BRAM Packing                  : NO
Slice Utilization Ratio Delta      : 5

=========================================================================


=========================================================================
*                          HDL Compilation                              *
=========================================================================
Compiling vhdl file "C:/Users/Bailey/Documents/IDE V2/IDEV2/IDE_control_unit.vhd" in Library work.
Entity <ide_control_unit> compiled.
Entity <ide_control_unit> (Architecture <behavioral>) compiled.

=========================================================================
*                     Design Hierarchy Analysis                         *
=========================================================================
Analyzing hierarchy for entity <IDE_control_unit> in library <work> (architecture <behavioral>).


=========================================================================
*                            HDL Analysis                               *
=========================================================================
Analyzing Entity <IDE_control_unit> in library <work> (Architecture <behavioral>).
Entity <IDE_control_unit> analyzed. Unit <IDE_control_unit> generated.


=========================================================================
*                           HDL Synthesis                               *
=========================================================================

Performing bidirectional port resolution...

Synthesizing Unit <IDE_control_unit>.
    Related source file is "C:/Users/Bailey/Documents/IDE V2/IDEV2/IDE_control_unit.vhd".
WARNING:Xst:647 - Input <CS> is never used. This port will be preserved and left unconnected if it belongs to a top-level block or it belongs to a sub-block and the hierarchy of this sub-block is preserved.
    Found 2-bit register for signal <wr_prev>.
    Found 3-bit register for signal <cycle_counter>.
    Found 3-bit adder for signal <cycle_counter$addsub0000> created at line 66.
    Found 1-bit register for signal <i_ready>.
    Found 1-bit register for signal <prev_R>.
    Found 1-bit register for signal <prev_W>.
    Summary:
	inferred   8 D-type flip-flop(s).
	inferred   1 Adder/Subtractor(s).
Unit <IDE_control_unit> synthesized.


=========================================================================
HDL Synthesis Report

Macro Statistics
# Adders/Subtractors                                   : 1
 3-bit adder                                           : 1
# Registers                                            : 5
 1-bit register                                        : 3
 2-bit register                                        : 1
 3-bit register                                        : 1

=========================================================================

=========================================================================
*                       Advanced HDL Synthesis                          *
=========================================================================


=========================================================================
Advanced HDL Synthesis Report

Macro Statistics
# Adders/Subtractors                                   : 1
 3-bit adder                                           : 1
# Registers                                            : 8
 Flip-Flops                                            : 8

=========================================================================

=========================================================================
*                         Low Level Synthesis                           *
=========================================================================

Optimizing unit <IDE_control_unit> ...

Mapping all equations...
Building and optimizing final netlist ...
Found area constraint ratio of 100 (+ 5) on block IDE_control_unit, actual ratio is 0.

Final Macro Processing ...

=========================================================================
Final Register Report

Macro Statistics
# Registers                                            : 8
 Flip-Flops                                            : 8

=========================================================================

=========================================================================
*                           Partition Report                            *
=========================================================================

Partition Implementation Status
-------------------------------

  No Partitions were found in this design.

-------------------------------

=========================================================================
*                            Final Report                               *
=========================================================================
Final Results
RTL Top Level Output File Name     : IDE_control_unit.ngr
Top Level Output File Name         : IDE_control_unit
Output Format                      : NGC
Optimization Goal                  : Speed
Keep Hierarchy                     : No

Design Statistics
# IOs                              : 14

Cell Usage :
# BELS                             : 16
#      LUT2                        : 2
#      LUT2_L                      : 2
#      LUT3                        : 6
#      LUT4                        : 5
#      VCC                         : 1
# FlipFlops/Latches                : 8
#      FD                          : 4
#      FDCE                        : 3
#      FDE                         : 1
# Clock Buffers                    : 1
#      BUFGP                       : 1
# IO Buffers                       : 12
#      IBUF                        : 3
#      OBUF                        : 9
=========================================================================

Device utilization summary:
---------------------------

Selected Device : 3s250evq100-5 

 Number of Slices:                        8  out of   2448     0%  
 Number of Slice Flip Flops:              8  out of   4896     0%  
 Number of 4 input LUTs:                 15  out of   4896     0%  
 Number of IOs:                          14
 Number of bonded IOBs:                  13  out of     66    19%  
 Number of GCLKs:                         1  out of     24     4%  

---------------------------
Partition Resource Summary:
---------------------------

  No Partitions were found in this design.

---------------------------


=========================================================================
TIMING REPORT

NOTE: THESE TIMING NUMBERS ARE ONLY A SYNTHESIS ESTIMATE.
      FOR ACCURATE TIMING INFORMATION PLEASE REFER TO THE TRACE REPORT
      GENERATED AFTER PLACE-and-ROUTE.

Clock Information:
------------------
-----------------------------------+------------------------+-------+
Clock Signal                       | Clock buffer(FF name)  | Load  |
-----------------------------------+------------------------+-------+
clk                                | BUFGP                  | 8     |
-----------------------------------+------------------------+-------+

Asynchronous Control Signals Information:
----------------------------------------
-----------------------------------+------------------------+-------+
Control Signal                     | Buffer(FF name)        | Load  |
-----------------------------------+------------------------+-------+
reset                              | IBUF                   | 3     |
-----------------------------------+------------------------+-------+

Timing Summary:
---------------
Speed Grade: -5

   Minimum period: 4.419ns (Maximum Frequency: 226.296MHz)
   Minimum input arrival time before clock: 5.001ns
   Maximum output required time after clock: 5.554ns
   Maximum combinational path delay: No path found

Timing Detail:
--------------
All values displayed in nanoseconds (ns)

=========================================================================
Timing constraint: Default period analysis for Clock 'clk'
  Clock period: 4.419ns (frequency: 226.296MHz)
  Total number of paths / destination ports: 26 / 10
-------------------------------------------------------------------------
Delay:               4.419ns (Levels of Logic = 3)
  Source:            cycle_counter_2 (FF)
  Destination:       i_ready (FF)
  Source Clock:      clk rising
  Destination Clock: clk rising

  Data Path: cycle_counter_2 to i_ready
                                Gate     Net
    Cell:in->out      fanout   Delay   Delay  Logical Name (Net Name)
    ----------------------------------------  ------------
     FDCE:C->Q             9   0.514   0.766  cycle_counter_2 (cycle_counter_2)
     LUT2_L:I1->LO         1   0.612   0.103  i_ready_not00019 (i_ready_not00019)
     LUT4:I3->O            1   0.612   0.360  i_ready_not000112 (i_ready_not000112)
     LUT4:I3->O            1   0.612   0.357  i_ready_not000147 (i_ready_not0001)
     FDE:CE                    0.483          i_ready
    ----------------------------------------
    Total                      4.419ns (2.833ns logic, 1.586ns route)
                                       (64.1% logic, 35.9% route)

=========================================================================
Timing constraint: Default OFFSET IN BEFORE for Clock 'clk'
  Total number of paths / destination ports: 12 / 7
-------------------------------------------------------------------------
Offset:              5.001ns (Levels of Logic = 4)
  Source:            R (PAD)
  Destination:       i_ready (FF)
  Destination Clock: clk rising

  Data Path: R to i_ready
                                Gate     Net
    Cell:in->out      fanout   Delay   Delay  Logical Name (Net Name)
    ----------------------------------------  ------------
     IBUF:I->O             5   1.106   0.690  R_IBUF (R_IBUF)
     LUT2_L:I0->LO         1   0.612   0.103  i_ready_not000120 (i_ready_not000120)
     LUT4:I3->O            1   0.612   0.426  i_ready_not000130 (i_ready_not000130)
     LUT4:I1->O            1   0.612   0.357  i_ready_not000147 (i_ready_not0001)
     FDE:CE                    0.483          i_ready
    ----------------------------------------
    Total                      5.001ns (3.425ns logic, 1.576ns route)
                                       (68.5% logic, 31.5% route)

=========================================================================
Timing constraint: Default OFFSET OUT AFTER for Clock 'clk'
  Total number of paths / destination ports: 21 / 8
-------------------------------------------------------------------------
Offset:              5.554ns (Levels of Logic = 2)
  Source:            cycle_counter_1 (FF)
  Destination:       enables<2> (PAD)
  Source Clock:      clk rising

  Data Path: cycle_counter_1 to enables<2>
                                Gate     Net
    Cell:in->out      fanout   Delay   Delay  Logical Name (Net Name)
    ----------------------------------------  ------------
     FDCE:C->Q            10   0.514   0.902  cycle_counter_1 (cycle_counter_1)
     LUT3:I0->O            1   0.612   0.357  enables<2>1 (enables_2_OBUF)
     OBUF:I->O                 3.169          enables_2_OBUF (enables<2>)
    ----------------------------------------
    Total                      5.554ns (4.295ns logic, 1.259ns route)
                                       (77.3% logic, 22.7% route)

=========================================================================


Total REAL time to Xst completion: 5.00 secs
Total CPU time to Xst completion: 5.54 secs
 
--> 

Total memory usage is 294176 kilobytes

Number of errors   :    0 (   0 filtered)
Number of warnings :    1 (   0 filtered)
Number of infos    :    0 (   0 filtered)

