Command line:
   read_tb_isim_beh.exe
     -simmode  gui
     -simrunnum  0
     -socket  64344

Fri Nov 13 13:26:08 2015


 Elaboration Time: 0.1716 sec

 Current Memory Usage: 659.513 Meg

 Total Signals          : 40
 Total Nets             : 49
 Total Signal Drivers   : 14
 Total Blocks           : 6
 Total Primitive Blocks : 4
 Total Processes        : 6
 Total Traceable Variables  : 9
 Total Scalar Nets and Variables : 410
Total Line Count : 86

 Total Simulation Time: 0.265201 sec

 Current Memory Usage: 659.513 Meg

Fri Nov 13 13:28:02 2015

